<?xml version="1.0" encoding="UTF-8"?>
<testng-results ignored="0" total="1" passed="1" failed="0" skipped="0">
  <reporter-output>
  </reporter-output>
  <suite started-at="2021-10-12T11:58:17 IST" name="Default suite" finished-at="2021-10-12T11:58:41 IST" duration-ms="24461">
    <groups>
    </groups>
    <test started-at="2021-10-12T11:58:17 IST" name="Default test" finished-at="2021-10-12T11:58:41 IST" duration-ms="24461">
      <class name="testNGClassesLIC.VerifyNewUserButton">
        <test-method is-config="true" signature="beforeClass()[pri:0, instance:testNGClassesLIC.VerifyNewUserButton@4bb33f74]" started-at="2021-10-12T11:58:17 IST" name="beforeClass" finished-at="2021-10-12T11:58:23 IST" duration-ms="6396" status="PASS">
          <reporter-output>
          </reporter-output>
        </test-method> <!-- beforeClass -->
        <test-method is-config="true" signature="beforeMethod()[pri:0, instance:testNGClassesLIC.VerifyNewUserButton@4bb33f74]" started-at="2021-10-12T11:58:23 IST" name="beforeMethod" finished-at="2021-10-12T11:58:28 IST" duration-ms="4592" status="PASS">
          <reporter-output>
          </reporter-output>
        </test-method> <!-- beforeMethod -->
        <test-method signature="verifyNewUser()[pri:0, instance:testNGClassesLIC.VerifyNewUserButton@4bb33f74]" started-at="2021-10-12T11:58:28 IST" name="verifyNewUser" finished-at="2021-10-12T11:58:40 IST" duration-ms="12681" status="PASS">
          <reporter-output>
          </reporter-output>
        </test-method> <!-- verifyNewUser -->
        <test-method is-config="true" signature="afterMethod()[pri:0, instance:testNGClassesLIC.VerifyNewUserButton@4bb33f74]" started-at="2021-10-12T11:58:40 IST" name="afterMethod" finished-at="2021-10-12T11:58:41 IST" duration-ms="673" status="PASS">
          <reporter-output>
          </reporter-output>
        </test-method> <!-- afterMethod -->
      </class> <!-- testNGClassesLIC.VerifyNewUserButton -->
    </test> <!-- Default test -->
  </suite> <!-- Default suite -->
</testng-results>
